<?xml version="1.0" encoding="UTF-8"?>
<testsuite xmlns:xsi="http://www.w3.org/2001/XMLSchema-instance" xsi:noNamespaceSchemaLocation="https://maven.apache.org/surefire/maven-surefire-plugin/xsd/surefire-test-report-3.0.xsd" version="3.0" name="IngredientTypeTest" time="0.017" tests="2" errors="0" skipped="0" failures="0">
  <properties>
    <property name="java.specification.version" value="19"/>
    <property name="sun.cpu.isalist" value="amd64"/>
    <property name="sun.jnu.encoding" value="Cp1251"/>
    <property name="java.class.path" value="C:\cygwin64\home\voron\Diplom\Diplom_1\target\test-classes;C:\cygwin64\home\voron\Diplom\Diplom_1\target\classes;C:\Users\voron\.m2\repository\org\mockito\mockito-core\5.10.0\mockito-core-5.10.0.jar;C:\Users\voron\.m2\repository\net\bytebuddy\byte-buddy\1.14.11\byte-buddy-1.14.11.jar;C:\Users\voron\.m2\repository\net\bytebuddy\byte-buddy-agent\1.14.11\byte-buddy-agent-1.14.11.jar;C:\Users\voron\.m2\repository\org\objenesis\objenesis\3.3\objenesis-3.3.jar;C:\Users\voron\.m2\repository\org\scalatestplus\junit-4-13_3\3.3.0.0-alpha.1\junit-4-13_3-3.3.0.0-alpha.1.jar;C:\Users\voron\.m2\repository\org\scala-lang\scala3-library_3\3.3.1\scala3-library_3-3.3.1.jar;C:\Users\voron\.m2\repository\org\scala-lang\scala-library\2.13.10\scala-library-2.13.10.jar;C:\Users\voron\.m2\repository\org\scalatest\scalatest-core_3\3.3.0-alpha.1\scalatest-core_3-3.3.0-alpha.1.jar;C:\Users\voron\.m2\repository\org\scalactic\scalactic_3\3.3.0-alpha.1\scalactic_3-3.3.0-alpha.1.jar;C:\Users\voron\.m2\repository\org\scalatest\scalatest-compatible\3.3.0-alpha.1\scalatest-compatible-3.3.0-alpha.1.jar;C:\Users\voron\.m2\repository\org\scala-lang\modules\scala-xml_3\2.1.0\scala-xml_3-2.1.0.jar;C:\Users\voron\.m2\repository\junit\junit\4.13.2\junit-4.13.2.jar;C:\Users\voron\.m2\repository\org\hamcrest\hamcrest-core\1.3\hamcrest-core-1.3.jar;"/>
    <property name="java.vm.vendor" value="Oracle Corporation"/>
    <property name="sun.arch.data.model" value="64"/>
    <property name="user.variant" value=""/>
    <property name="java.vendor.url" value="https://java.oracle.com/"/>
    <property name="user.timezone" value="Europe/Moscow"/>
    <property name="os.name" value="Windows 10"/>
    <property name="java.vm.specification.version" value="19"/>
    <property name="sun.java.launcher" value="SUN_STANDARD"/>
    <property name="user.country" value="RU"/>
    <property name="sun.boot.library.path" value="C:\Users\voron\.jdks\openjdk-19.0.1\bin"/>
    <property name="sun.java.command" value="C:\Users\voron\AppData\Local\Temp\surefire16322207122129311085\surefirebooter-20240502004506310_3.jar C:\Users\voron\AppData\Local\Temp\surefire16322207122129311085 2024-05-02T00-45-06_116-jvmRun1 surefire-20240502004506310_1tmp surefire_0-20240502004506310_2tmp"/>
    <property name="jdk.debug" value="release"/>
    <property name="surefire.test.class.path" value="C:\cygwin64\home\voron\Diplom\Diplom_1\target\test-classes;C:\cygwin64\home\voron\Diplom\Diplom_1\target\classes;C:\Users\voron\.m2\repository\org\mockito\mockito-core\5.10.0\mockito-core-5.10.0.jar;C:\Users\voron\.m2\repository\net\bytebuddy\byte-buddy\1.14.11\byte-buddy-1.14.11.jar;C:\Users\voron\.m2\repository\net\bytebuddy\byte-buddy-agent\1.14.11\byte-buddy-agent-1.14.11.jar;C:\Users\voron\.m2\repository\org\objenesis\objenesis\3.3\objenesis-3.3.jar;C:\Users\voron\.m2\repository\org\scalatestplus\junit-4-13_3\3.3.0.0-alpha.1\junit-4-13_3-3.3.0.0-alpha.1.jar;C:\Users\voron\.m2\repository\org\scala-lang\scala3-library_3\3.3.1\scala3-library_3-3.3.1.jar;C:\Users\voron\.m2\repository\org\scala-lang\scala-library\2.13.10\scala-library-2.13.10.jar;C:\Users\voron\.m2\repository\org\scalatest\scalatest-core_3\3.3.0-alpha.1\scalatest-core_3-3.3.0-alpha.1.jar;C:\Users\voron\.m2\repository\org\scalactic\scalactic_3\3.3.0-alpha.1\scalactic_3-3.3.0-alpha.1.jar;C:\Users\voron\.m2\repository\org\scalatest\scalatest-compatible\3.3.0-alpha.1\scalatest-compatible-3.3.0-alpha.1.jar;C:\Users\voron\.m2\repository\org\scala-lang\modules\scala-xml_3\2.1.0\scala-xml_3-2.1.0.jar;C:\Users\voron\.m2\repository\junit\junit\4.13.2\junit-4.13.2.jar;C:\Users\voron\.m2\repository\org\hamcrest\hamcrest-core\1.3\hamcrest-core-1.3.jar;"/>
    <property name="sun.cpu.endian" value="little"/>
    <property name="user.home" value="C:\Users\voron"/>
    <property name="user.language" value="ru"/>
    <property name="java.specification.vendor" value="Oracle Corporation"/>
    <property name="java.version.date" value="2022-10-18"/>
    <property name="java.home" value="C:\Users\voron\.jdks\openjdk-19.0.1"/>
    <property name="file.separator" value="\"/>
    <property name="basedir" value="C:\cygwin64\home\voron\Diplom\Diplom_1"/>
    <property name="java.vm.compressedOopsMode" value="32-bit"/>
    <property name="line.separator" value="&#10;"/>
    <property name="java.vm.specification.vendor" value="Oracle Corporation"/>
    <property name="java.specification.name" value="Java Platform API Specification"/>
    <property name="surefire.real.class.path" value="C:\Users\voron\AppData\Local\Temp\surefire16322207122129311085\surefirebooter-20240502004506310_3.jar"/>
    <property name="user.script" value=""/>
    <property name="sun.management.compiler" value="HotSpot 64-Bit Tiered Compilers"/>
    <property name="java.runtime.version" value="19.0.1+10-21"/>
    <property name="user.name" value="voron"/>
    <property name="stdout.encoding" value="Cp1251"/>
    <property name="path.separator" value=";"/>
    <property name="os.version" value="10.0"/>
    <property name="java.runtime.name" value="OpenJDK Runtime Environment"/>
    <property name="file.encoding" value="UTF-8"/>
    <property name="java.vm.name" value="OpenJDK 64-Bit Server VM"/>
    <property name="localRepository" value="C:\Users\voron\.m2\repository"/>
    <property name="java.vendor.url.bug" value="https://bugreport.java.com/bugreport/"/>
    <property name="java.io.tmpdir" value="C:\Users\voron\AppData\Local\Temp\"/>
    <property name="idea.version" value="2023.2.4"/>
    <property name="java.version" value="19.0.1"/>
    <property name="user.dir" value="C:\cygwin64\home\voron\Diplom\Diplom_1"/>
    <property name="os.arch" value="amd64"/>
    <property name="java.vm.specification.name" value="Java Virtual Machine Specification"/>
    <property name="sun.os.patch.level" value=""/>
    <property name="native.encoding" value="Cp1251"/>
    <property name="java.library.path" value="C:\Users\voron\.jdks\openjdk-19.0.1\bin;C:\WINDOWS\Sun\Java\bin;C:\WINDOWS\system32;C:\WINDOWS;C:\Program Files\Amazon Corretto\jdk11.0.21_9\bin;C:\Program Files\Common Files\Oracle\Java\javapath;C:\app\voron\product\11.2.0\dbhome_1\bin;C:\WINDOWS\system32;C:\WINDOWS;C:\WINDOWS\System32\Wbem;C:\WINDOWS\System32\WindowsPowerShell\v1.0\;C:\WINDOWS\System32\OpenSSH\;C:\Program Files\dotnet\;C:\Program Files\Git\cmd;C:\Program Files\Git\mingw64\bin;C:\Program Files\Git\usr\bin;C:\Program Files\Docker\Docker\resources\bin;C:\Users\voron\AppData\Local\Microsoft\WindowsApps;C:\Program Files\JetBrains\IntelliJ IDEA 2020.3.2\bin;;C:\Program Files\JetBrains\IntelliJ IDEA Community Edition 2023.2.4\bin;;C:\Program Files\Amazon Corretto\jdk11.0.21_9\bin;C:\Program Files\apache-maven-3.9.5\bin;C:\allure-2.27.0\bin;."/>
    <property name="java.vm.info" value="mixed mode, sharing"/>
    <property name="stderr.encoding" value="Cp1251"/>
    <property name="java.vendor" value="Oracle Corporation"/>
    <property name="java.vm.version" value="19.0.1+10-21"/>
    <property name="sun.io.unicode.encoding" value="UnicodeLittle"/>
    <property name="java.class.version" value="63.0"/>
  </properties>
  <testcase name="testIngredientTypeChecking[0]" classname="IngredientTypeTest" time="0.011"/>
  <testcase name="testIngredientTypeChecking[1]" classname="IngredientTypeTest" time="0"/>
</testsuite>